

Microchip MPLAB XC8 Assembler V2.50 build 20240725155939 
                                                                                                           Sat Mar 22 12:56:34 2025


     1                           	processor	18F4580
     2                           	pagewidth 132
     3                           	psect	const,global,reloc=2,class=CONST,space=0,delta=1,noexec
     4                           	psect	smallconst,global,reloc=2,class=SMALLCONST,space=0,delta=1,noexec
     5                           	psect	mediumconst,global,reloc=2,class=MEDIUMCONST,space=0,delta=1,noexec
     6                           	psect	rbss,global,class=COMRAM,space=1,delta=1,noexec
     7                           	psect	bss,global,class=RAM,space=1,delta=1,noexec
     8                           	psect	rdata,global,class=COMRAM,space=1,delta=1,noexec
     9                           	psect	irdata,global,reloc=2,class=CODE,space=0,delta=1,noexec
    10                           	psect	data,global,class=RAM,space=1,delta=1,noexec
    11                           	psect	idata,global,reloc=2,class=CODE,space=0,delta=1,noexec
    12                           	psect	nvrram,global,class=COMRAM,space=1,delta=1,noexec
    13                           	psect	nvbit,global,bit,class=COMRAM,space=1,delta=1,noexec
    14                           	psect	temp,global,ovrld,class=COMRAM,space=1,delta=1,noexec
    15                           	psect	struct,global,ovrld,class=COMRAM,space=1,delta=1,noexec
    16                           	psect	rbit,global,bit,class=COMRAM,space=1,delta=1,noexec
    17                           	psect	bigbss,global,class=BIGRAM,space=1,delta=1,noexec
    18                           	psect	bigdata,global,class=BIGRAM,space=1,delta=1,noexec
    19                           	psect	ibigdata,global,reloc=2,class=CODE,space=0,delta=1,noexec
    20                           	psect	farbss,global,reloc=2,class=FARRAM,space=0,delta=1,noexec
    21                           	psect	nvFARRAM,global,reloc=2,class=FARRAM,space=0,delta=1,noexec
    22                           	psect	fardata,global,reloc=2,class=FARRAM,space=0,delta=1,noexec
    23                           	psect	ifardata,global,reloc=2,class=CODE,space=0,delta=1,noexec
    24                           	psect	reset_vec,global,reloc=2,class=CODE,space=0,delta=1
    25                           	psect	powerup,global,reloc=2,class=CODE,space=0,delta=1
    26                           	psect	init,global,reloc=2,class=CODE,space=0,delta=1
    27                           	psect	text,global,reloc=2,class=CODE,space=0,delta=1
    28                           	psect	clrtext,global,reloc=2,class=CODE,space=0,delta=1
    29                           	psect	config,global,class=CONFIG,space=4,delta=1,noexec
    30                           	psect	idloc,global,class=IDLOC,space=5,delta=1,noexec
    31                           	psect	intcode,global,reloc=2,class=CODE,space=0,delta=1
    32                           	psect	sivt_hi,global,reloc=2,class=CODE,space=0,delta=1
    33                           	psect	intcode_body,global,reloc=2,class=CODE,space=0,delta=1
    34                           	psect	intcodelo,global,reloc=2,class=CODE,space=0,delta=1
    35                           	psect	sivt_lo,global,reloc=2,class=CODE,space=0,delta=1
    36                           	psect	intret,global,reloc=2,class=CODE,space=0,delta=1
    37                           	psect	intentry,global,reloc=2,class=CODE,space=0,delta=1
    38                           	psect	intsave_regs,global,class=BIGRAM,space=1,delta=1
    39                           	psect	eeprom_data,global,class=EEDATA,space=0,delta=1,noexec
    40                           	psect	ramtop,global,class=RAM,space=0,delta=1,noexec
    41                           	psect	stack,global,class=STACK,space=2,delta=1,noexec
    42                           	psect	heap,global,class=HEAP,space=7,delta=1,noexec
    43                           	psect	comram,global,class=COMRAM,space=1,delta=1
    44                           	psect	abs1,global,class=ABS1,space=1,delta=1
    45                           	psect	bigram,global,class=BIGRAM,space=1,delta=1
    46                           	psect	ram,global,class=RAM,space=1,delta=1
    47                           	psect	bank0,global,class=BANK0,space=1,delta=1
    48                           	psect	bank1,global,class=BANK1,space=1,delta=1
    49                           	psect	bank2,global,class=BANK2,space=1,delta=1
    50                           	psect	bank3,global,class=BANK3,space=1,delta=1
    51                           	psect	bank4,global,class=BANK4,space=1,delta=1
    52                           	psect	bank5,global,class=BANK5,space=1,delta=1
    53                           	psect	sfr,global,class=SFR,space=1,delta=1
    54                           	psect	bigsfr,global,class=BIGSFR,space=1,delta=1
    55                           
    56                           ; Microchip MPLAB XC8 C Compiler V2.50
    57                           ; Copyright (C) 2024 Microchip Technology Inc.
    58                           ; Auto-generated runtime startup code for final link stage.
    59                           ;
    60                           ; Compiler options:
    61                           ;
    62                           ; -I/opt/microchip/xc8/v1.36/include/ --ROM=0-3000 -Q --opt=all \
    63                           ; --asmlist --summary=psect,mem -Mpic18F4580.map -DCOMPILER= -intel \
    64                           ; i2c.p1 main_menu.p1 eeprom.p1 view_event.p1 rtc.p1 default_screen.p1 \
    65                           ; set_event.p1 set_date.p1 matrix_keypad.p1 set_time_date.p1 main.p1 \
    66                           ; clcd.p1 isr.p1 set_time.p1 set_view_events.p1 timer0.p1 \
    67                           ; -opic18F4580.hex
    68                           ;
    69   000000                     
    70                           ; Generated 25/07/2024 GMT
    71                           ; 
    72                           ; Copyright © 2024, Microchip Technology Inc. and its subsidiaries ("Microchip")
    73                           ; All rights reserved.
    74                           ; 
    75                           ; This software is developed by Microchip Technology Inc. and its subsidiaries ("Microchip").
    76                           ; 
    77                           ; Redistribution and use in source and binary forms, with or without modification, are
    78                           ; permitted provided that the following conditions are met:
    79                           ; 
    80                           ;     1. Redistributions of source code must retain the above copyright notice, this list of
    81                           ;        conditions and the following disclaimer.
    82                           ; 
    83                           ;     2. Redistributions in binary form must reproduce the above copyright notice, this list
    84                           ;        of conditions and the following disclaimer in the documentation and/or other
    85                           ;        materials provided with the distribution. Publication is not required when
    86                           ;        this file is used in an embedded application.
    87                           ; 
    88                           ;     3. Microchip's name may not be used to endorse or promote products derived from this
    89                           ;        software without specific prior written permission.
    90                           ; 
    91                           ; THIS SOFTWARE IS PROVIDED BY MICROCHIP "AS IS" AND ANY EXPRESS OR IMPLIED WARRANTIES,
    92                           ; INCLUDING, BUT NOT LIMITED TO, THE IMPLIED WARRANTIES OF MERCHANTABILITY AND FITNESS FOR
    93                           ; PURPOSE ARE DISCLAIMED.  IN NO EVENT SHALL MICROCHIP BE LIABLE FOR ANY DIRECT, INDIRECT,
    94                           ; INCIDENTAL, SPECIAL, EXEMPLARY, OR CONSEQUENTIAL DAMAGES (INCLUDING BUT NOT LIMITED TO
    95                           ; PROCUREMENT OF SUBSTITUTE GOODS OR SERVICES; LOSS OF USE, DATA OR PROFITS; OR BUSINESS
    96                           ; INTERRUPTION) HOWSOEVER CAUSED AND ON ANY THEORY OF LIABILITY, WHETHER IN CONTRACT, STRICT
    97                           ; LIABILITY, OR TORT (INCLUDING NEGLIGENCE OR OTHERWISE) ARISING IN ANY WAY OUT OF THE USE OF
    98                           ; THIS SOFTWARE, EVEN IF ADVISED OF THE POSSIBILITY OF SUCH DAMAGE.
    99                           ; 
   100                           ; 
   101                           ; Code-generator required, PIC18F4580 Definitions
   102                           ; 
   103                           ; SFR Addresses
   104   000FE0                     bsr             equ	4064
   105   000FE9                     fsr0            equ	4073
   106   000FEA                     fsr0h           equ	4074
   107   000FE9                     fsr0l           equ	4073
   108   000FE1                     fsr1            equ	4065
   109   000FE2                     fsr1h           equ	4066
   110   000FE1                     fsr1l           equ	4065
   111   000FD9                     fsr2            equ	4057
   112   000FDA                     fsr2h           equ	4058
   113   000FD9                     fsr2l           equ	4057
   114   000FEF                     indf0           equ	4079
   115   000FE7                     indf1           equ	4071
   116   000FDF                     indf2           equ	4063
   117   000FF2                     intcon          equ	4082
   118   000000                     nvmcon          equ	0
   119   000FF9                     pcl             equ	4089
   120   000FFA                     pclath          equ	4090
   121   000FFB                     pclatu          equ	4091
   122   000FEB                     plusw0          equ	4075
   123   000FE3                     plusw1          equ	4067
   124   000FDB                     plusw2          equ	4059
   125   000FED                     postdec0        equ	4077
   126   000FE5                     postdec1        equ	4069
   127   000FDD                     postdec2        equ	4061
   128   000FEE                     postinc0        equ	4078
   129   000FE6                     postinc1        equ	4070
   130   000FDE                     postinc2        equ	4062
   131   000FEC                     preinc0         equ	4076
   132   000FE4                     preinc1         equ	4068
   133   000FDC                     preinc2         equ	4060
   134   000FF3                     prod            equ	4083
   135   000FF4                     prodh           equ	4084
   136   000FF3                     prodl           equ	4083
   137   000FD8                     status          equ	4056
   138   000FF5                     tablat          equ	4085
   139   000FF6                     tblptr          equ	4086
   140   000FF7                     tblptrh         equ	4087
   141   000FF6                     tblptrl         equ	4086
   142   000FF8                     tblptru         equ	4088
   143   000FFD                     tosl            equ	4093
   144   000FE8                     wreg            equ	4072
   145   000001                     pic18cxx        equ	1
   146                           
   147                           	psect	smallconst
   148   000000                     __smallconst:
   149                           	callstack 0
   150                           
   151                           	psect	mediumconst
   152   002E5C                     __mediumconst:
   153                           	callstack 0	; top of RAM usage
   154                           
   155                           	psect	reset_vec
   156   000000                     
   157                           ; No powerup routine
   158                           ; jump to start
   159   000000  EF07  F000         	goto	start
   160   000060                     __accesstop     equ	96
   161                           
   162                           ;Initialize the stack pointer (FSR1)
   163   000000                     stacklo         equ	0
   164   000000                     stackhi         equ	0
   165                           
   166                           	psect	init
   167   00000E                     start:
   168                           	callstack 0
   169   00000E  EFDD  F010         	goto	start_initialization	;jump to C runtime clear & initialization
   170                           
   171                           	psect	text
   172   000000                     intlevel0:
   173                           	callstack 0
   174   000000                     intlevel1:
   175                           	callstack 0
   176   000000                     intlevel2:
   177                           	callstack 0
   178   000000                     intlevel3:
   179                           	callstack 0
   180                           
   181                           	psect	ramtop
   182   000600                     __ramtop:
   183                           	callstack 0
   184                           
   185                           	psect	stack
   186   000000                     ___sp:
   187                           	callstack 0
   188   000000                     ___inthi_sp:
   189                           	callstack 0
   190   000000                     ___intlo_sp:
   191                           	callstack 0
   192   000000                     ___stack_lo:
   193                           	callstack 0
   194   000000                     ___stack_hi:
   195                           	callstack 0
   196   000000                     ___inthi_stack_lo:
   197                           	callstack 0
   198   000000                     ___inthi_stack_hi:
   199                           	callstack 0
   200   000000                     ___intlo_stack_lo:
   201                           	callstack 0
   202   000000                     ___intlo_stack_hi:
   203                           	callstack 0
   204                           
   205                           ; No heap to be allocated
   206                           
   207                           	psect	heap
   208   000000                     ___heap_lo      equ	0
   209   000000                     ___heap_hi      equ	0
   210                           tosu	equ	0xFFF
   211                           tosh	equ	0xFFE
   212                           tosl	equ	0xFFD
   213                           stkptr	equ	0xFFC
   214                           pclatu	equ	0xFFB
   215                           pclath	equ	0xFFA
   216                           pcl	equ	0xFF9
   217                           tblptru	equ	0xFF8
   218                           tblptrh	equ	0xFF7
   219                           tblptrl	equ	0xFF6
   220                           tablat	equ	0xFF5
   221                           prodh	equ	0xFF4
   222                           prodl	equ	0xFF3
   223                           indf0	equ	0xFEF
   224                           postinc0	equ	0xFEE
   225                           postdec0	equ	0xFED
   226                           preinc0	equ	0xFEC
   227                           plusw0	equ	0xFEB
   228                           fsr0h	equ	0xFEA
   229                           fsr0l	equ	0xFE9
   230                           wreg	equ	0xFE8
   231                           indf1	equ	0xFE7
   232                           postinc1	equ	0xFE6
   233                           postdec1	equ	0xFE5
   234                           preinc1	equ	0xFE4
   235                           plusw1	equ	0xFE3
   236                           fsr1h	equ	0xFE2
   237                           fsr1l	equ	0xFE1
   238                           bsr	equ	0xFE0
   239                           indf2	equ	0xFDF
   240                           postinc2	equ	0xFDE
   241                           postdec2	equ	0xFDD
   242                           preinc2	equ	0xFDC
   243                           plusw2	equ	0xFDB
   244                           fsr2h	equ	0xFDA
   245                           fsr2l	equ	0xFD9
   246                           status	equ	0xFD8


Microchip Technology PIC18 Macro Assembler V2.50 build 20240725155939 
Symbol Table                                                                                               Sat Mar 22 12:56:34 2025

                __S1 0208                 ___sp 0000                 _main 204E                 start 000E  
              __HRAM 0000                __LRAM 0001               isa$std 0001     ___inthi_stack_hi 0000  
   ___inthi_stack_lo 0000         __mediumconst 2E5C               stackhi 0000               stacklo 0000  
         __accesstop 0060           ___inthi_sp 0000           ___intlo_sp 0000           ___stack_hi 0000  
         ___stack_lo 0000     ___intlo_stack_hi 0000     ___intlo_stack_lo 0000              __ramtop 0600  
start_initialization 21BA            ___heap_hi 0000            ___heap_lo 0000          __smallconst 0000  
           isa$xinst 0000             intlevel0 0000             intlevel1 0000             intlevel2 0000  
           intlevel3 0000             reset_vec 0000  
